<?xml version="1.0" encoding="UTF-8"?>
<testng-results ignored="0" total="0" passed="0" failed="0" skipped="0">
  <reporter-output>
  </reporter-output>
  <suite started-at="2022-07-19T20:40:09 ICT" name="runners.TestRunner" finished-at="2022-07-19T20:40:09 ICT" duration-ms="8">
    <groups>
    </groups>
    <test started-at="2022-07-19T20:40:09 ICT" name="Command line test" finished-at="2022-07-19T20:40:09 ICT" duration-ms="8">
    </test> <!-- Command line test -->
  </suite> <!-- runners.TestRunner -->
</testng-results>
